<?xml version="1.0" encoding="UTF-8"?>
<!-- Generated by org.testng.reporters.JUnitXMLReporter -->
<testsuite ignored="0" hostname="DESKTOP-V4V8UK9" failures="0" tests="1" name="Test" time="2.219" errors="0" timestamp="2021-02-05T15:47:47 IST">
  <testcase classname="tests.addaautomation" name="@BeforeTest setup" time="2.087">
    <failure type="org.openqa.selenium.SessionNotCreatedException" message="Unable to create a new remote session. Please check the server log for more details. Original error: An unknown server-side error occurred while processing the command. Original error: Error executing adbExec. Original error: &amp;apos;Command &amp;apos;C:\\android-sdk\\platform-tools\\adb.exe -P 5037 -s cf27ceaa7d31 shell &amp;apos;settings delete global hidden_api_policy_pre_p_apps;settings delete global hidden_api_policy_p_apps;settings delete global hidden_api_policy&amp;apos;&amp;apos; exited with code 255&amp;apos;; Stderr: &amp;apos;Security exception: Permission denial: writing to settings requires:android.permission.WRITE_SECURE_SETTINGS

java.lang.SecurityException: Permission denial: writing to settings requires:android.permission.WRITE_SECURE_SETTINGS
	at com.android.providers.settings.SettingsProvider.enforceWritePermission(SettingsProvider.java:1815)
	at com.android.providers.settings.SettingsProvider.mutateGlobalSetting(SettingsProvider.java:1023)
	at com.android.providers.settings.SettingsProvider.deleteGlobalSetting(SettingsProvider.java:1006)
	at com.android.providers.settings.SettingsProvider.delete(SettingsProvider.java:592)
	at android.content.ContentProvider$Transport.delete(ContentProvider.java:343)
	at com.android.providers.settings.SettingsService$MyShellCommand.deleteForUser(SettingsService.java:406)
	at com.android.providers.settings.SettingsService$MyShellCommand.onCommand(SettingsService.java:289)
	at android.os.ShellCommand.exec(ShellCommand.java:103)
	at com.android.providers.settings.SettingsService.onShellCommand(SettingsService.java:51)
	at android.os.Binder.shellCommand(Binder.java:634)
	at android.os.Binder.onTransact(Binder.java:532)
	at android.os.Binder.execTransact(Binder.java:731)
Security exception: Permission denial: writing to settings requires:android.permission.WRITE_SECURE_SETTINGS

java.lang.SecurityException: Permission denial: writing to settings requires:android.permission.WRITE_SECURE_SETTINGS
	at com.android.providers.settings.SettingsProvider.enforceWritePermission(SettingsProvider.java:1815)
	at com.android.providers.settings.SettingsProvider.mutateGlobalSetting(SettingsProvider.java:1023)
	at com.android.providers.settings.SettingsProvider.deleteGlobalSetting(SettingsProvider.java:1006)
	at com.android.providers.settings.SettingsProvider.delete(SettingsProvider.java:592)
	at android.content.ContentProvider$Transport.delete(ContentProvider.java:343)
	at com.android.providers.settings.SettingsService$MyShellCommand.deleteForUser(SettingsService.java:406)
	at com.android.providers.settings.SettingsService$MyShellCommand.onCommand(SettingsService.java:289)
	at android.os.ShellCommand.exec(ShellCommand.java:103)
	at com.android.providers.settings.SettingsService.onShellCommand(SettingsService.java:51)
	at android.os.Binder.shellCommand(Binder.java:634)
	at android.os.Binder.onTransact(Binder.java:532)
	at android.os.Binder.execTransact(Binder.java:731)
Security exception: Permission denial: writing to settings requires:android.permission.WRITE_SECURE_SETTINGS

java.lang.SecurityException: Permission denial: writing to settings requires:android.permission.WRITE_SECURE_SETTINGS
	at com.android.providers.settings.SettingsProvider.enforceWritePermission(SettingsProvider.java:1815)
	at com.android.providers.settings.SettingsProvider.mutateGlobalSetting(SettingsProvider.java:1023)
	at com.android.providers.settings.SettingsProvider.deleteGlobalSetting(SettingsProvider.java:1006)
	at com.android.providers.settings.SettingsProvider.delete(SettingsProvider.java:592)
	at android.content.ContentProvider$Transport.delete(ContentProvider.java:343)
	at com.android.providers.settings.SettingsService$MyShellCommand.deleteForUser(SettingsService.java:406)
	at com.android.providers.settings.SettingsService$MyShellCommand.onCommand(SettingsService.java:289)
	at android.os.ShellCommand.exec(ShellCommand.java:103)
	at com.android.providers.settings.SettingsService.onShellCommand(SettingsService.java:51)
	at android.os.Binder.shellCommand(Binder.java:634)
	at android.os.Binder.onTransact(Binder.java:532)
	at android.os.Binder.execTransact(Binder.java:731)&amp;apos;; Code: &amp;apos;255&amp;apos;
Build info: version: &amp;apos;3.141.59&amp;apos;, revision: &amp;apos;e82be7d358&amp;apos;, time: &amp;apos;2018-11-14T08:17:03&amp;apos;
System info: host: &amp;apos;DESKTOP-V4V8UK9&amp;apos;, ip: &amp;apos;192.168.1.39&amp;apos;, os.name: &amp;apos;Windows 10&amp;apos;, os.arch: &amp;apos;amd64&amp;apos;, os.version: &amp;apos;10.0&amp;apos;, java.version: &amp;apos;15.0.2&amp;apos;
Driver info: driver.version: AndroidDriver
remote stacktrace: UnknownError: An unknown server-side error occurred while processing the command. Original error: Error executing adbExec. Original error: &amp;apos;Command &amp;apos;C:\\android-sdk\\platform-tools\\adb.exe -P 5037 -s cf27ceaa7d31 shell &amp;apos;settings delete global hidden_api_policy_pre_p_apps;settings delete global hidden_api_policy_p_apps;settings delete global hidden_api_policy&amp;apos;&amp;apos; exited with code 255&amp;apos;; Stderr: &amp;apos;Security exception: Permission denial: writing to settings requires:android.permission.WRITE_SECURE_SETTINGS

java.lang.SecurityException: Permission denial: writing to settings requires:android.permission.WRITE_SECURE_SETTINGS
	at com.android.providers.settings.SettingsProvider.enforceWritePermission(SettingsProvider.java:1815)
	at com.android.providers.settings.SettingsProvider.mutateGlobalSetting(SettingsProvider.java:1023)
	at com.android.providers.settings.SettingsProvider.deleteGlobalSetting(SettingsProvider.java:1006)
	at com.android.providers.settings.SettingsProvider.delete(SettingsProvider.java:592)
	at android.content.ContentProvider$Transport.delete(ContentProvider.java:343)
	at com.android.providers.settings.SettingsService$MyShellCommand.deleteForUser(SettingsService.java:406)
	at com.android.providers.settings.SettingsService$MyShellCommand.onCommand(SettingsService.java:289)
	at android.os.ShellCommand.exec(ShellCommand.java:103)
	at com.android.providers.settings.SettingsService.onShellCommand(SettingsService.java:51)
	at android.os.Binder.shellCommand(Binder.java:634)
	at android.os.Binder.onTransact(Binder.java:532)
	at android.os.Binder.execTransact(Binder.java:731)
Security exception: Permission denial: writing to settings requires:android.permission.WRITE_SECURE_SETTINGS

java.lang.SecurityException: Permission denial: writing to settings requires:android.permission.WRITE_SECURE_SETTINGS
	at com.android.providers.settings.SettingsProvider.enforceWritePermission(SettingsProvider.java:1815)
	at com.android.providers.settings.SettingsProvider.mutateGlobalSetting(SettingsProvider.java:1023)
	at com.android.providers.settings.SettingsProvider.deleteGlobalSetting(SettingsProvider.java:1006)
	at com.android.providers.settings.SettingsProvider.delete(SettingsProvider.java:592)
	at android.content.ContentProvider$Transport.delete(ContentProvider.java:343)
	at com.android.providers.settings.SettingsService$MyShellCommand.deleteForUser(SettingsService.java:406)
	at com.android.providers.settings.SettingsService$MyShellCommand.onCommand(SettingsService.java:289)
	at android.os.ShellCommand.exec(ShellCommand.java:103)
	at com.android.providers.settings.SettingsService.onShellCommand(SettingsService.java:51)
	at android.os.Binder.shellCommand(Binder.java:634)
	at android.os.Binder.onTransact(Binder.java:532)
	at android.os.Binder.execTransact(Binder.java:731)
Security exception: Permission denial: writing to settings requires:android.permission.WRITE_SECURE_SETTINGS

java.lang.SecurityException: Permission denial: writing to settings requires:android.permission.WRITE_SECURE_SETTINGS
	at com.android.providers.settings.SettingsProvider.enforceWritePermission(SettingsProvider.java:1815)
	at com.android.providers.settings.SettingsProvider.mutateGlobalSetting(SettingsProvider.java:1023)
	at com.android.providers.settings.SettingsProvider.deleteGlobalSetting(SettingsProvider.java:1006)
	at com.android.providers.settings.SettingsProvider.delete(SettingsProvider.java:592)
	at android.content.ContentProvider$Transport.delete(ContentProvider.java:343)
	at com.android.providers.settings.SettingsService$MyShellCommand.deleteForUser(SettingsService.java:406)
	at com.android.providers.settings.SettingsService$MyShellCommand.onCommand(SettingsService.java:289)
	at android.os.ShellCommand.exec(ShellCommand.java:103)
	at com.android.providers.settings.SettingsService.onShellCommand(SettingsService.java:51)
	at android.os.Binder.shellCommand(Binder.java:634)
	at android.os.Binder.onTransact(Binder.java:532)
	at android.os.Binder.execTransact(Binder.java:731)&amp;apos;; Code: &amp;apos;255&amp;apos;
    at getResponseForW3CError (C:\Users\Tiju\AppData\Local\Programs\Appium\resources\app\node_modules\appium\node_modules\appium-base-driver\lib\protocol\errors.js:804:9)
    at asyncHandler (C:\Users\Tiju\AppData\Local\Programs\Appium\resources\app\node_modules\appium\node_modules\appium-base-driver\lib\protocol\protocol.js:384:37)
Build info: version: &amp;apos;3.141.59&amp;apos;, revision: &amp;apos;e82be7d358&amp;apos;, time: &amp;apos;2018-11-14T08:17:03&amp;apos;
System info: host: &amp;apos;DESKTOP-V4V8UK9&amp;apos;, ip: &amp;apos;192.168.1.39&amp;apos;, os.name: &amp;apos;Windows 10&amp;apos;, os.arch: &amp;apos;amd64&amp;apos;, os.version: &amp;apos;10.0&amp;apos;, java.version: &amp;apos;15.0.2&amp;apos;
Driver info: driver.version: AndroidDriver">
      <![CDATA[org.openqa.selenium.SessionNotCreatedException: Unable to create a new remote session. Please check the server log for more details. Original error: An unknown server-side error occurred while processing the command. Original error: Error executing adbExec. Original error: 'Command 'C:\\android-sdk\\platform-tools\\adb.exe -P 5037 -s cf27ceaa7d31 shell 'settings delete global hidden_api_policy_pre_p_apps;settings delete global hidden_api_policy_p_apps;settings delete global hidden_api_policy'' exited with code 255'; Stderr: 'Security exception: Permission denial: writing to settings requires:android.permission.WRITE_SECURE_SETTINGS

java.lang.SecurityException: Permission denial: writing to settings requires:android.permission.WRITE_SECURE_SETTINGS
at com.android.providers.settings.SettingsProvider.enforceWritePermission(SettingsProvider.java:1815)
at com.android.providers.settings.SettingsProvider.mutateGlobalSetting(SettingsProvider.java:1023)
at com.android.providers.settings.SettingsProvider.deleteGlobalSetting(SettingsProvider.java:1006)
at com.android.providers.settings.SettingsProvider.delete(SettingsProvider.java:592)
at android.content.ContentProvider$Transport.delete(ContentProvider.java:343)
at com.android.providers.settings.SettingsService$MyShellCommand.deleteForUser(SettingsService.java:406)
at com.android.providers.settings.SettingsService$MyShellCommand.onCommand(SettingsService.java:289)
at android.os.ShellCommand.exec(ShellCommand.java:103)
at com.android.providers.settings.SettingsService.onShellCommand(SettingsService.java:51)
at android.os.Binder.shellCommand(Binder.java:634)
at android.os.Binder.onTransact(Binder.java:532)
at android.os.Binder.execTransact(Binder.java:731)
Security exception: Permission denial: writing to settings requires:android.permission.WRITE_SECURE_SETTINGS

java.lang.SecurityException: Permission denial: writing to settings requires:android.permission.WRITE_SECURE_SETTINGS
at com.android.providers.settings.SettingsProvider.enforceWritePermission(SettingsProvider.java:1815)
at com.android.providers.settings.SettingsProvider.mutateGlobalSetting(SettingsProvider.java:1023)
at com.android.providers.settings.SettingsProvider.deleteGlobalSetting(SettingsProvider.java:1006)
at com.android.providers.settings.SettingsProvider.delete(SettingsProvider.java:592)
at android.content.ContentProvider$Transport.delete(ContentProvider.java:343)
at com.android.providers.settings.SettingsService$MyShellCommand.deleteForUser(SettingsService.java:406)
at com.android.providers.settings.SettingsService$MyShellCommand.onCommand(SettingsService.java:289)
at android.os.ShellCommand.exec(ShellCommand.java:103)
at com.android.providers.settings.SettingsService.onShellCommand(SettingsService.java:51)
at android.os.Binder.shellCommand(Binder.java:634)
at android.os.Binder.onTransact(Binder.java:532)
at android.os.Binder.execTransact(Binder.java:731)
Security exception: Permission denial: writing to settings requires:android.permission.WRITE_SECURE_SETTINGS

java.lang.SecurityException: Permission denial: writing to settings requires:android.permission.WRITE_SECURE_SETTINGS
at com.android.providers.settings.SettingsProvider.enforceWritePermission(SettingsProvider.java:1815)
at com.android.providers.settings.SettingsProvider.mutateGlobalSetting(SettingsProvider.java:1023)
at com.android.providers.settings.SettingsProvider.deleteGlobalSetting(SettingsProvider.java:1006)
at com.android.providers.settings.SettingsProvider.delete(SettingsProvider.java:592)
at android.content.ContentProvider$Transport.delete(ContentProvider.java:343)
at com.android.providers.settings.SettingsService$MyShellCommand.deleteForUser(SettingsService.java:406)
at com.android.providers.settings.SettingsService$MyShellCommand.onCommand(SettingsService.java:289)
at android.os.ShellCommand.exec(ShellCommand.java:103)
at com.android.providers.settings.SettingsService.onShellCommand(SettingsService.java:51)
at android.os.Binder.shellCommand(Binder.java:634)
at android.os.Binder.onTransact(Binder.java:532)
at android.os.Binder.execTransact(Binder.java:731)'; Code: '255'
Build info: version: '3.141.59', revision: 'e82be7d358', time: '2018-11-14T08:17:03'
System info: host: 'DESKTOP-V4V8UK9', ip: '192.168.1.39', os.name: 'Windows 10', os.arch: 'amd64', os.version: '10.0', java.version: '15.0.2'
Driver info: driver.version: AndroidDriver
remote stacktrace: UnknownError: An unknown server-side error occurred while processing the command. Original error: Error executing adbExec. Original error: 'Command 'C:\\android-sdk\\platform-tools\\adb.exe -P 5037 -s cf27ceaa7d31 shell 'settings delete global hidden_api_policy_pre_p_apps;settings delete global hidden_api_policy_p_apps;settings delete global hidden_api_policy'' exited with code 255'; Stderr: 'Security exception: Permission denial: writing to settings requires:android.permission.WRITE_SECURE_SETTINGS

java.lang.SecurityException: Permission denial: writing to settings requires:android.permission.WRITE_SECURE_SETTINGS
at com.android.providers.settings.SettingsProvider.enforceWritePermission(SettingsProvider.java:1815)
at com.android.providers.settings.SettingsProvider.mutateGlobalSetting(SettingsProvider.java:1023)
at com.android.providers.settings.SettingsProvider.deleteGlobalSetting(SettingsProvider.java:1006)
at com.android.providers.settings.SettingsProvider.delete(SettingsProvider.java:592)
at android.content.ContentProvider$Transport.delete(ContentProvider.java:343)
at com.android.providers.settings.SettingsService$MyShellCommand.deleteForUser(SettingsService.java:406)
at com.android.providers.settings.SettingsService$MyShellCommand.onCommand(SettingsService.java:289)
at android.os.ShellCommand.exec(ShellCommand.java:103)
at com.android.providers.settings.SettingsService.onShellCommand(SettingsService.java:51)
at android.os.Binder.shellCommand(Binder.java:634)
at android.os.Binder.onTransact(Binder.java:532)
at android.os.Binder.execTransact(Binder.java:731)
Security exception: Permission denial: writing to settings requires:android.permission.WRITE_SECURE_SETTINGS

java.lang.SecurityException: Permission denial: writing to settings requires:android.permission.WRITE_SECURE_SETTINGS
at com.android.providers.settings.SettingsProvider.enforceWritePermission(SettingsProvider.java:1815)
at com.android.providers.settings.SettingsProvider.mutateGlobalSetting(SettingsProvider.java:1023)
at com.android.providers.settings.SettingsProvider.deleteGlobalSetting(SettingsProvider.java:1006)
at com.android.providers.settings.SettingsProvider.delete(SettingsProvider.java:592)
at android.content.ContentProvider$Transport.delete(ContentProvider.java:343)
at com.android.providers.settings.SettingsService$MyShellCommand.deleteForUser(SettingsService.java:406)
at com.android.providers.settings.SettingsService$MyShellCommand.onCommand(SettingsService.java:289)
at android.os.ShellCommand.exec(ShellCommand.java:103)
at com.android.providers.settings.SettingsService.onShellCommand(SettingsService.java:51)
at android.os.Binder.shellCommand(Binder.java:634)
at android.os.Binder.onTransact(Binder.java:532)
at android.os.Binder.execTransact(Binder.java:731)
Security exception: Permission denial: writing to settings requires:android.permission.WRITE_SECURE_SETTINGS

java.lang.SecurityException: Permission denial: writing to settings requires:android.permission.WRITE_SECURE_SETTINGS
at com.android.providers.settings.SettingsProvider.enforceWritePermission(SettingsProvider.java:1815)
at com.android.providers.settings.SettingsProvider.mutateGlobalSetting(SettingsProvider.java:1023)
at com.android.providers.settings.SettingsProvider.deleteGlobalSetting(SettingsProvider.java:1006)
at com.android.providers.settings.SettingsProvider.delete(SettingsProvider.java:592)
at android.content.ContentProvider$Transport.delete(ContentProvider.java:343)
at com.android.providers.settings.SettingsService$MyShellCommand.deleteForUser(SettingsService.java:406)
at com.android.providers.settings.SettingsService$MyShellCommand.onCommand(SettingsService.java:289)
at android.os.ShellCommand.exec(ShellCommand.java:103)
at com.android.providers.settings.SettingsService.onShellCommand(SettingsService.java:51)
at android.os.Binder.shellCommand(Binder.java:634)
at android.os.Binder.onTransact(Binder.java:532)
at android.os.Binder.execTransact(Binder.java:731)'; Code: '255'
    at getResponseForW3CError (C:\Users\Tiju\AppData\Local\Programs\Appium\resources\app\node_modules\appium\node_modules\appium-base-driver\lib\protocol\errors.js:804:9)
    at asyncHandler (C:\Users\Tiju\AppData\Local\Programs\Appium\resources\app\node_modules\appium\node_modules\appium-base-driver\lib\protocol\protocol.js:384:37)
Build info: version: '3.141.59', revision: 'e82be7d358', time: '2018-11-14T08:17:03'
System info: host: 'DESKTOP-V4V8UK9', ip: '192.168.1.39', os.name: 'Windows 10', os.arch: 'amd64', os.version: '10.0', java.version: '15.0.2'
Driver info: driver.version: AndroidDriver
at io.appium.java_client.remote.AppiumCommandExecutor$1.createSession(AppiumCommandExecutor.java:216)
at io.appium.java_client.remote.AppiumCommandExecutor.createSession(AppiumCommandExecutor.java:225)
at io.appium.java_client.remote.AppiumCommandExecutor.execute(AppiumCommandExecutor.java:247)
at org.openqa.selenium.remote.RemoteWebDriver.execute(RemoteWebDriver.java:552)
at io.appium.java_client.DefaultGenericMobileDriver.execute(DefaultGenericMobileDriver.java:41)
at io.appium.java_client.AppiumDriver.execute(AppiumDriver.java:1)
at io.appium.java_client.android.AndroidDriver.execute(AndroidDriver.java:1)
at org.openqa.selenium.remote.RemoteWebDriver.startSession(RemoteWebDriver.java:213)
at io.appium.java_client.AppiumDriver.startSession(AppiumDriver.java:338)
at org.openqa.selenium.remote.RemoteWebDriver.<init>(RemoteWebDriver.java:131)
at io.appium.java_client.DefaultGenericMobileDriver.<init>(DefaultGenericMobileDriver.java:37)
at io.appium.java_client.AppiumDriver.<init>(AppiumDriver.java:89)
at io.appium.java_client.AppiumDriver.<init>(AppiumDriver.java:99)
at io.appium.java_client.android.AndroidDriver.<init>(AndroidDriver.java:96)
at tests.addaautomation.setup(addaautomation.java:39)
at io.appium.java_client.remote.AppiumCommandExecutor$1.createSession(AppiumCommandExecutor.java:193)
... 38 more
Caused by: org.openqa.selenium.WebDriverException: An unknown server-side error occurred while processing the command. Original error: Error executing adbExec. Original error: 'Command 'C:\\android-sdk\\platform-tools\\adb.exe -P 5037 -s cf27ceaa7d31 shell 'settings delete global hidden_api_policy_pre_p_apps;settings delete global hidden_api_policy_p_apps;settings delete global hidden_api_policy'' exited with code 255'; Stderr: 'Security exception: Permission denial: writing to settings requires:android.permission.WRITE_SECURE_SETTINGS

java.lang.SecurityException: Permission denial: writing to settings requires:android.permission.WRITE_SECURE_SETTINGS
at com.android.providers.settings.SettingsProvider.enforceWritePermission(SettingsProvider.java:1815)
at com.android.providers.settings.SettingsProvider.mutateGlobalSetting(SettingsProvider.java:1023)
at com.android.providers.settings.SettingsProvider.deleteGlobalSetting(SettingsProvider.java:1006)
at com.android.providers.settings.SettingsProvider.delete(SettingsProvider.java:592)
at android.content.ContentProvider$Transport.delete(ContentProvider.java:343)
at com.android.providers.settings.SettingsService$MyShellCommand.deleteForUser(SettingsService.java:406)
at com.android.providers.settings.SettingsService$MyShellCommand.onCommand(SettingsService.java:289)
at android.os.ShellCommand.exec(ShellCommand.java:103)
at com.android.providers.settings.SettingsService.onShellCommand(SettingsService.java:51)
at android.os.Binder.shellCommand(Binder.java:634)
at android.os.Binder.onTransact(Binder.java:532)
at android.os.Binder.execTransact(Binder.java:731)
Security exception: Permission denial: writing to settings requires:android.permission.WRITE_SECURE_SETTINGS

java.lang.SecurityException: Permission denial: writing to settings requires:android.permission.WRITE_SECURE_SETTINGS
at com.android.providers.settings.SettingsProvider.enforceWritePermission(SettingsProvider.java:1815)
at com.android.providers.settings.SettingsProvider.mutateGlobalSetting(SettingsProvider.java:1023)
at com.android.providers.settings.SettingsProvider.deleteGlobalSetting(SettingsProvider.java:1006)
at com.android.providers.settings.SettingsProvider.delete(SettingsProvider.java:592)
at android.content.ContentProvider$Transport.delete(ContentProvider.java:343)
at com.android.providers.settings.SettingsService$MyShellCommand.deleteForUser(SettingsService.java:406)
at com.android.providers.settings.SettingsService$MyShellCommand.onCommand(SettingsService.java:289)
at android.os.ShellCommand.exec(ShellCommand.java:103)
at com.android.providers.settings.SettingsService.onShellCommand(SettingsService.java:51)
at android.os.Binder.shellCommand(Binder.java:634)
at android.os.Binder.onTransact(Binder.java:532)
at android.os.Binder.execTransact(Binder.java:731)
Security exception: Permission denial: writing to settings requires:android.permission.WRITE_SECURE_SETTINGS

java.lang.SecurityException: Permission denial: writing to settings requires:android.permission.WRITE_SECURE_SETTINGS
at com.android.providers.settings.SettingsProvider.enforceWritePermission(SettingsProvider.java:1815)
at com.android.providers.settings.SettingsProvider.mutateGlobalSetting(SettingsProvider.java:1023)
at com.android.providers.settings.SettingsProvider.deleteGlobalSetting(SettingsProvider.java:1006)
at com.android.providers.settings.SettingsProvider.delete(SettingsProvider.java:592)
at android.content.ContentProvider$Transport.delete(ContentProvider.java:343)
at com.android.providers.settings.SettingsService$MyShellCommand.deleteForUser(SettingsService.java:406)
at com.android.providers.settings.SettingsService$MyShellCommand.onCommand(SettingsService.java:289)
at android.os.ShellCommand.exec(ShellCommand.java:103)
at com.android.providers.settings.SettingsService.onShellCommand(SettingsService.java:51)
at android.os.Binder.shellCommand(Binder.java:634)
at android.os.Binder.onTransact(Binder.java:532)
at android.os.Binder.execTransact(Binder.java:731)'; Code: '255'
Build info: version: '3.141.59', revision: 'e82be7d358', time: '2018-11-14T08:17:03'
System info: host: 'DESKTOP-V4V8UK9', ip: '192.168.1.39', os.name: 'Windows 10', os.arch: 'amd64', os.version: '10.0', java.version: '15.0.2'
Driver info: driver.version: AndroidDriver
remote stacktrace: UnknownError: An unknown server-side error occurred while processing the command. Original error: Error executing adbExec. Original error: 'Command 'C:\\android-sdk\\platform-tools\\adb.exe -P 5037 -s cf27ceaa7d31 shell 'settings delete global hidden_api_policy_pre_p_apps;settings delete global hidden_api_policy_p_apps;settings delete global hidden_api_policy'' exited with code 255'; Stderr: 'Security exception: Permission denial: writing to settings requires:android.permission.WRITE_SECURE_SETTINGS

java.lang.SecurityException: Permission denial: writing to settings requires:android.permission.WRITE_SECURE_SETTINGS
at com.android.providers.settings.SettingsProvider.enforceWritePermission(SettingsProvider.java:1815)
at com.android.providers.settings.SettingsProvider.mutateGlobalSetting(SettingsProvider.java:1023)
at com.android.providers.settings.SettingsProvider.deleteGlobalSetting(SettingsProvider.java:1006)
at com.android.providers.settings.SettingsProvider.delete(SettingsProvider.java:592)
at android.content.ContentProvider$Transport.delete(ContentProvider.java:343)
at com.android.providers.settings.SettingsService$MyShellCommand.deleteForUser(SettingsService.java:406)
at com.android.providers.settings.SettingsService$MyShellCommand.onCommand(SettingsService.java:289)
at android.os.ShellCommand.exec(ShellCommand.java:103)
at com.android.providers.settings.SettingsService.onShellCommand(SettingsService.java:51)
at android.os.Binder.shellCommand(Binder.java:634)
at android.os.Binder.onTransact(Binder.java:532)
at android.os.Binder.execTransact(Binder.java:731)
Security exception: Permission denial: writing to settings requires:android.permission.WRITE_SECURE_SETTINGS

java.lang.SecurityException: Permission denial: writing to settings requires:android.permission.WRITE_SECURE_SETTINGS
at com.android.providers.settings.SettingsProvider.enforceWritePermission(SettingsProvider.java:1815)
at com.android.providers.settings.SettingsProvider.mutateGlobalSetting(SettingsProvider.java:1023)
at com.android.providers.settings.SettingsProvider.deleteGlobalSetting(SettingsProvider.java:1006)
at com.android.providers.settings.SettingsProvider.delete(SettingsProvider.java:592)
at android.content.ContentProvider$Transport.delete(ContentProvider.java:343)
at com.android.providers.settings.SettingsService$MyShellCommand.deleteForUser(SettingsService.java:406)
at com.android.providers.settings.SettingsService$MyShellCommand.onCommand(SettingsService.java:289)
at android.os.ShellCommand.exec(ShellCommand.java:103)
at com.android.providers.settings.SettingsService.onShellCommand(SettingsService.java:51)
at android.os.Binder.shellCommand(Binder.java:634)
at android.os.Binder.onTransact(Binder.java:532)
at android.os.Binder.execTransact(Binder.java:731)
Security exception: Permission denial: writing to settings requires:android.permission.WRITE_SECURE_SETTINGS

java.lang.SecurityException: Permission denial: writing to settings requires:android.permission.WRITE_SECURE_SETTINGS
at com.android.providers.settings.SettingsProvider.enforceWritePermission(SettingsProvider.java:1815)
at com.android.providers.settings.SettingsProvider.mutateGlobalSetting(SettingsProvider.java:1023)
at com.android.providers.settings.SettingsProvider.deleteGlobalSetting(SettingsProvider.java:1006)
at com.android.providers.settings.SettingsProvider.delete(SettingsProvider.java:592)
at android.content.ContentProvider$Transport.delete(ContentProvider.java:343)
at com.android.providers.settings.SettingsService$MyShellCommand.deleteForUser(SettingsService.java:406)
at com.android.providers.settings.SettingsService$MyShellCommand.onCommand(SettingsService.java:289)
at android.os.ShellCommand.exec(ShellCommand.java:103)
at com.android.providers.settings.SettingsService.onShellCommand(SettingsService.java:51)
at android.os.Binder.shellCommand(Binder.java:634)
at android.os.Binder.onTransact(Binder.java:532)
at android.os.Binder.execTransact(Binder.java:731)'; Code: '255'
    at getResponseForW3CError (C:\Users\Tiju\AppData\Local\Programs\Appium\resources\app\node_modules\appium\node_modules\appium-base-driver\lib\protocol\errors.js:804:9)
    at asyncHandler (C:\Users\Tiju\AppData\Local\Programs\Appium\resources\app\node_modules\appium\node_modules\appium-base-driver\lib\protocol\protocol.js:384:37)
at org.openqa.selenium.remote.W3CHandshakeResponse.lambda$errorHandler$0(W3CHandshakeResponse.java:62)
at org.openqa.selenium.remote.HandshakeResponse.lambda$getResponseFunction$0(HandshakeResponse.java:30)
at org.openqa.selenium.remote.ProtocolHandshake.lambda$createSession$0(ProtocolHandshake.java:126)
at java.base/java.util.stream.ReferencePipeline$3$1.accept(ReferencePipeline.java:195)
at java.base/java.util.Spliterators$ArraySpliterator.tryAdvance(Spliterators.java:958)
at java.base/java.util.stream.ReferencePipeline.forEachWithCancel(ReferencePipeline.java:127)
at java.base/java.util.stream.AbstractPipeline.copyIntoWithCancel(AbstractPipeline.java:502)
at java.base/java.util.stream.AbstractPipeline.copyInto(AbstractPipeline.java:488)
at java.base/java.util.stream.AbstractPipeline.wrapAndCopyInto(AbstractPipeline.java:474)
at java.base/java.util.stream.FindOps$FindOp.evaluateSequential(FindOps.java:150)
at java.base/java.util.stream.AbstractPipeline.evaluate(AbstractPipeline.java:234)
at java.base/java.util.stream.ReferencePipeline.findFirst(ReferencePipeline.java:543)
at org.openqa.selenium.remote.ProtocolHandshake.createSession(ProtocolHandshake.java:128)
... 43 more
... Removed 34 stack frames]]>
    </failure>
  </testcase> <!-- @BeforeTest setup -->
  <testcase classname="tests.addaautomation" name="@AfterTest teardown" time="-1.612520267307E9">
    <skipped/>
  </testcase> <!-- @AfterTest teardown -->
  <testcase classname="tests.addaautomation" name="openapp" time="0.0">
    <skipped/>
  </testcase> <!-- openapp -->
</testsuite> <!-- Test -->
