<?xml version="1.0" encoding="UTF-8"?>
<testng-results ignored="0" total="2" passed="2" failed="0" skipped="0">
  <reporter-output>
  </reporter-output>
  <suite started-at="2021-02-08T21:49:16 IST" name="Default suite" finished-at="2021-02-08T21:50:30 IST" duration-ms="73342">
    <groups>
    </groups>
    <test started-at="2021-02-08T21:49:16 IST" name="Default test" finished-at="2021-02-08T21:50:30 IST" duration-ms="73342">
      <class name="tests.addaautomation">
        <test-method is-config="true" signature="setup()[pri:0, instance:tests.addaautomation@119cbf96]" started-at="2021-02-08T21:49:16 IST" name="setup" finished-at="2021-02-08T21:49:38 IST" duration-ms="21235" status="PASS">
          <reporter-output>
          </reporter-output>
        </test-method> <!-- setup -->
        <test-method signature="openapp()[pri:1, instance:tests.addaautomation@119cbf96]" started-at="2021-02-08T21:49:38 IST" name="openapp" finished-at="2021-02-08T21:50:13 IST" duration-ms="35202" status="PASS">
          <reporter-output>
          </reporter-output>
        </test-method> <!-- openapp -->
        <test-method signature="CreatePoll()[pri:5, instance:tests.addaautomation@119cbf96]" started-at="2021-02-08T21:50:13 IST" name="CreatePoll" finished-at="2021-02-08T21:50:30 IST" duration-ms="16843" status="PASS">
          <reporter-output>
          </reporter-output>
        </test-method> <!-- CreatePoll -->
        <test-method is-config="true" signature="teardown()[pri:0, instance:tests.addaautomation@119cbf96]" started-at="2021-02-08T21:50:30 IST" name="teardown" finished-at="2021-02-08T21:50:30 IST" duration-ms="0" status="PASS">
          <reporter-output>
          </reporter-output>
        </test-method> <!-- teardown -->
      </class> <!-- tests.addaautomation -->
    </test> <!-- Default test -->
  </suite> <!-- Default suite -->
</testng-results>
